<?xml version="1.0" encoding="UTF-8"?>
<!-- Generated by org.testng.reporters.JUnitReportReporter -->
<testsuite hostname="LAPTOP-QME61A2J" failures="0" tests="2" name="PracticePackage.SampleTestNGTest_3" time="0.012" errors="0" timestamp="2023-01-10T14:59:08 IST" skipped="0">
  <testcase classname="PracticePackage.SampleTestNGTest_3" name="sample5" time="0.009"/>
  <system-out/>
  <testcase classname="PracticePackage.SampleTestNGTest_3" name="sample6" time="0.003"/>
  <system-out/>
</testsuite> <!-- PracticePackage.SampleTestNGTest_3 -->
