<?xml version="1.0" encoding="UTF-8"?>
<!-- Generated by org.testng.reporters.JUnitReportReporter -->
<testsuite hostname="LAPTOP-QME61A2J" failures="0" tests="2" name="PracticePackage.DiffAnnotationsTest" time="0.014" errors="0" timestamp="2023-01-09T13:16:17 IST" skipped="0">
  <testcase classname="PracticePackage.DiffAnnotationsTest" name="CreateContacts" time="0.010"/>
  <system-out/>
  <testcase classname="PracticePackage.DiffAnnotationsTest" name="CreateOrg" time="0.004"/>
  <system-out/>
</testsuite> <!-- PracticePackage.DiffAnnotationsTest -->
