<?xml version="1.0" encoding="UTF-8"?>
<!-- Generated by org.testng.reporters.JUnitReportReporter -->
<testsuite hostname="LAPTOP-QME61A2J" failures="0" tests="2" name="com.cis.testng.scripts.CreateSupplierTestNG" time="10.338" errors="0" timestamp="2023-01-12T11:28:04 IST" skipped="0">
  <testcase classname="com.cis.testng.scripts.CreateSupplierTestNG" name="simple4" time="0.967"/>
  <system-out/>
  <testcase classname="com.cis.testng.scripts.CreateSupplierTestNG" name="CreateSupplier" time="9.371"/>
  <system-out/>
</testsuite> <!-- com.cis.testng.scripts.CreateSupplierTestNG -->
