<?xml version="1.0" encoding="UTF-8"?>
<!-- Generated by org.testng.reporters.JUnitReportReporter -->
<testsuite hostname="LAPTOP-QME61A2J" failures="0" tests="1" name="com.cis.testng.scripts.CreateUserAccountTestNG" time="4.031" errors="0" timestamp="2023-01-10T17:57:47 IST" skipped="0">
  <testcase classname="com.cis.testng.scripts.CreateUserAccountTestNG" name="userAccount" time="4.031"/>
  <system-out/>
</testsuite> <!-- com.cis.testng.scripts.CreateUserAccountTestNG -->
