<?xml version="1.0" encoding="UTF-8"?>
<!-- Generated by org.testng.reporters.JUnitReportReporter -->
<testsuite hostname="LAPTOP-QME61A2J" failures="0" tests="8" name="PracticePackage.DataProviderExcelTest" time="0.017" errors="0" timestamp="2023-01-09T16:31:40 IST" skipped="0">
  <testcase classname="PracticePackage.DataProviderExcelTest" name="readData" time="0.003"/>
  <system-out/>
  <testcase classname="PracticePackage.DataProviderExcelTest" name="readDataFromExcel" time="0.001"/>
  <system-out/>
  <testcase classname="PracticePackage.DataProviderExcelTest" name="readDataFromExcel" time="0.001"/>
  <system-out/>
  <testcase classname="PracticePackage.DataProviderExcelTest" name="readData" time="0.002"/>
  <system-out/>
  <testcase classname="PracticePackage.DataProviderExcelTest" name="readData" time="0.006"/>
  <system-out/>
  <testcase classname="PracticePackage.DataProviderExcelTest" name="readData" time="0.001"/>
  <system-out/>
  <testcase classname="PracticePackage.DataProviderExcelTest" name="readDataFromExcel" time="0.000"/>
  <system-out/>
  <testcase classname="PracticePackage.DataProviderExcelTest" name="readDataFromExcel" time="0.003"/>
  <system-out/>
</testsuite> <!-- PracticePackage.DataProviderExcelTest -->
