<?xml version="1.0" encoding="UTF-8"?>
<!-- Generated by org.testng.reporters.JUnitReportReporter -->
<testsuite hostname="LAPTOP-QME61A2J" failures="0" tests="2" name="PracticePackage.SampleTestNGTest_1" time="0.011" errors="0" timestamp="2023-01-10T14:59:08 IST" skipped="0">
  <testcase classname="PracticePackage.SampleTestNGTest_1" name="sample2" time="0.002"/>
  <system-out/>
  <testcase classname="PracticePackage.SampleTestNGTest_1" name="sample1" time="0.009"/>
  <system-out/>
</testsuite> <!-- PracticePackage.SampleTestNGTest_1 -->
