<?xml version="1.0" encoding="UTF-8"?>
<!-- Generated by org.testng.reporters.JUnitReportReporter -->
<testsuite hostname="LAPTOP-QME61A2J" failures="0" tests="8" name="PracticePackage.SampleTestNG1" time="0.042" errors="0" timestamp="2023-01-11T11:07:26 IST" skipped="0">
  <testcase classname="PracticePackage.SampleTestNG1" name="updated" time="0.003"/>
  <system-out/>
  <testcase classname="PracticePackage.SampleTestNG1" name="deleted" time="0.005"/>
  <system-out/>
  <testcase classname="PracticePackage.SampleTestNG1" name="deleted" time="0.004"/>
  <system-out/>
  <testcase classname="PracticePackage.SampleTestNG1" name="create" time="0.009"/>
  <system-out/>
  <testcase classname="PracticePackage.SampleTestNG1" name="deleted" time="0.007"/>
  <system-out/>
  <testcase classname="PracticePackage.SampleTestNG1" name="deleted" time="0.004"/>
  <system-out/>
  <testcase classname="PracticePackage.SampleTestNG1" name="deleted" time="0.004"/>
  <system-out/>
  <testcase classname="PracticePackage.SampleTestNG1" name="deleted" time="0.006"/>
  <system-out/>
</testsuite> <!-- PracticePackage.SampleTestNG1 -->
