<?xml version="1.0" encoding="UTF-8"?>
<!-- Generated by org.testng.reporters.JUnitReportReporter -->
<testsuite hostname="LAPTOP-QME61A2J" failures="0" tests="2" name="PracticePackage.DataProviderTestNG" time="0.007" errors="0" timestamp="2023-01-06T16:47:28 IST" skipped="0">
  <testcase classname="PracticePackage.DataProviderTestNG" name="travel" time="0.005"/>
  <system-out/>
  <testcase classname="PracticePackage.DataProviderTestNG" name="travel" time="0.002"/>
  <system-out/>
</testsuite> <!-- PracticePackage.DataProviderTestNG -->
