<?xml version="1.0" encoding="UTF-8"?>
<!-- Generated by org.testng.reporters.JUnitReportReporter -->
<testsuite hostname="LAPTOP-QME61A2J" failures="0" tests="2" name="PracticePackage.SampleTestNGTest_2" time="0.003" errors="0" timestamp="2023-01-10T14:59:08 IST" skipped="0">
  <testcase classname="PracticePackage.SampleTestNGTest_2" name="sample3" time="0.002"/>
  <system-out/>
  <testcase classname="PracticePackage.SampleTestNGTest_2" name="sample4" time="0.001"/>
  <system-out/>
</testsuite> <!-- PracticePackage.SampleTestNGTest_2 -->
